0 info it worked if it ends with ok
1 verbose cli [ '/Users/elton/.nvm/versions/node/v6.9.1/bin/node',
1 verbose cli   '/Users/elton/.nvm/versions/node/v6.9.1/bin/npm',
1 verbose cli   'run',
1 verbose cli   'sass' ]
2 info using npm@3.10.8
3 info using node@v6.9.1
4 verbose run-script [ 'presass', 'sass', 'postsass' ]
5 info lifecycle vue.js@0.0.1~presass: vue.js@0.0.1
6 silly lifecycle vue.js@0.0.1~presass: no script for presass, continuing
7 info lifecycle vue.js@0.0.1~sass: vue.js@0.0.1
8 verbose lifecycle vue.js@0.0.1~sass: unsafe-perm in lifecycle true
9 verbose lifecycle vue.js@0.0.1~sass: PATH: /Users/elton/.nvm/versions/node/v6.9.1/lib/node_modules/npm/bin/node-gyp-bin:/Users/elton/Projetos/js/contas-vuejs/node_modules/.bin:/Users/elton/.nvm/versions/node/v6.9.1/lib/node_modules/npm/bin/node-gyp-bin:/Users/elton/Projetos/js/contas-vuejs/node_modules/.bin:/Users/elton/.composer/vendor/bin:/usr/local/sbin:/Users/elton/.rvm/gems/ruby-2.3.1/bin:/Users/elton/.rvm/gems/ruby-2.3.1@global/bin:/Users/elton/.rvm/rubies/ruby-2.3.1/bin:/Users/elton/.nvm/versions/node/v6.9.1/bin:/usr/local/bin:/usr/bin:/bin:/usr/sbin:/sbin:/Users/elton/.rvm/bin
10 verbose lifecycle vue.js@0.0.1~sass: CWD: /Users/elton/Projetos/js/contas-vuejs
11 silly lifecycle vue.js@0.0.1~sass: Args: [ '-c', 'node-sass ./src/sass -o ./dist/css' ]
12 silly lifecycle vue.js@0.0.1~sass: Returned: code: 1  signal: null
13 info lifecycle vue.js@0.0.1~sass: Failed to exec sass script
14 verbose stack Error: vue.js@0.0.1 sass: `node-sass ./src/sass -o ./dist/css`
14 verbose stack Exit status 1
14 verbose stack     at EventEmitter.<anonymous> (/Users/elton/.nvm/versions/node/v6.9.1/lib/node_modules/npm/lib/utils/lifecycle.js:255:16)
14 verbose stack     at emitTwo (events.js:106:13)
14 verbose stack     at EventEmitter.emit (events.js:191:7)
14 verbose stack     at ChildProcess.<anonymous> (/Users/elton/.nvm/versions/node/v6.9.1/lib/node_modules/npm/lib/utils/spawn.js:40:14)
14 verbose stack     at emitTwo (events.js:106:13)
14 verbose stack     at ChildProcess.emit (events.js:191:7)
14 verbose stack     at maybeClose (internal/child_process.js:877:16)
14 verbose stack     at Process.ChildProcess._handle.onexit (internal/child_process.js:226:5)
15 verbose pkgid vue.js@0.0.1
16 verbose cwd /Users/elton/Projetos/js/contas-vuejs
17 error Darwin 16.1.0
18 error argv "/Users/elton/.nvm/versions/node/v6.9.1/bin/node" "/Users/elton/.nvm/versions/node/v6.9.1/bin/npm" "run" "sass"
19 error node v6.9.1
20 error npm  v3.10.8
21 error code ELIFECYCLE
22 error vue.js@0.0.1 sass: `node-sass ./src/sass -o ./dist/css`
22 error Exit status 1
23 error Failed at the vue.js@0.0.1 sass script 'node-sass ./src/sass -o ./dist/css'.
23 error Make sure you have the latest version of node.js and npm installed.
23 error If you do, this is most likely a problem with the vue.js package,
23 error not with npm itself.
23 error Tell the author that this fails on your system:
23 error     node-sass ./src/sass -o ./dist/css
23 error You can get information on how to open an issue for this project with:
23 error     npm bugs vue.js
23 error Or if that isn't available, you can get their info via:
23 error     npm owner ls vue.js
23 error There is likely additional logging output above.
24 verbose exit [ 1, true ]
